
> calculo@1.0.0 preweb
> npm run generate:questions


> calculo@1.0.0 generate:questions
> node scripts/generate-question-course.js

Generated src\generated\question-course.ts with 2 section(s).

> calculo@1.0.0 web
> node scripts/with-anwa-env.js expo start --web --clear --port 8087

Starting project at C:\Users\ansux\Downloads\calculo-main
Using src/app as the root directory for Expo Router.
React Compiler enabled
Starting Metro Bundler

warning: Bundler cache is empty, rebuilding (this may take a minute)
Waiting on http://localhost:8087
Logs for your project will appear below.
λ Bundled 21003ms node_modules\expo\node_modules\@expo\cli\node_modules\@expo\router-server\node\render.js (1503 modules)
Web Bundled 22786ms node_modules\expo-router\entry.js (1346 modules)
λ Bundled 203ms node_modules\expo\node_modules\@expo\cli\node_modules\@expo\router-server\node\render.js (1 module)
Web Bundled 682ms node_modules\expo-router\entry.js (1 module)
λ Bundled 2193ms node_modules\expo\node_modules\@expo\cli\node_modules\@expo\router-server\node\render.js (1 module)
Web Bundled 2662ms node_modules\expo-router\entry.js (1 module)
Web Bundled 9834ms node_modules\expo-router\entry.js (1349 modules)
Web  INFO  %cDownload the React DevTools for a better development experience: https://react.dev/link/react-devtools font-weight:bold
Web  LOG  Running application "main" with appParams:
 {"hydrate": undefined, "rootTag": "#root"} 
Development-level warnings: ON.
Performance optimizations: OFF.
Web  WARN  [Reanimated] Reduced motion setting is enabled on this device. This warning is visible only in the development mode. Some animations will be disabled by default. You can override the behavior for individual animations, see https://docs.swmansion.com/react-native-reanimated/docs/guides/troubleshooting#reduced-motion-setting-is-enabled-on-this-device.
Web  WARN  "shadow*" style props are deprecated. Use "boxShadow".
Web  ERROR  [NotAllowedError: play() failed because the user didn't interact with the document first. https://goo.gl/xX8pDD]
λ Bundled 1747ms node_modules\expo\node_modules\@expo\cli\node_modules\@expo\router-server\node\render.js (1 module)
Web Bundled 2775ms node_modules\expo-router\entry.js (1 module)
λ Bundled 2238ms node_modules\expo\node_modules\@expo\cli\node_modules\@expo\router-server\node\render.js (1 module)
Web Bundled 2953ms node_modules\expo-router\entry.js (1 module)
λ Bundled 66ms node_modules\expo\node_modules\@expo\cli\node_modules\@expo\router-server\node\render.js (1 module)
Web Bundled 510ms node_modules\expo-router\entry.js (1 module)
Web Bundled 797ms node_modules\expo-router\entry.js (1 module)
Web  INFO  %cDownload the React DevTools for a better development experience: https://react.dev/link/react-devtools font-weight:bold
Web  LOG  Running application "main" with appParams:
 {"hydrate": undefined, "rootTag": "#root"} 
Development-level warnings: ON.
Performance optimizations: OFF.
Web  WARN  [Reanimated] Reduced motion setting is enabled on this device. This warning is visible only in the development mode. Some animations will be disabled by default. You can override the behavior for individual animations, see https://docs.swmansion.com/react-native-reanimated/docs/guides/troubleshooting#reduced-motion-setting-is-enabled-on-this-device.
Web  WARN  "shadow*" style props are deprecated. Use "boxShadow".
Web  ERROR  [NotAllowedError: play() failed because the user didn't interact with the document first. https://goo.gl/xX8pDD]
Web  WARN  Animated: `useNativeDriver` is not supported because the native animated module is missing. Falling back to JS-based animation. To resolve this, add `RCTAnimation` module to this app, or remove `useNativeDriver`. Make sure to run `bundle exec pod install` first. Read more about autolinking: https://github.com/react-native-community/cli/blob/master/docs/autolinking.md
Web  ERROR  The action 'GO_BACK' was not handled by any navigator.

Is there any screen to go back to?

This is a development-only warning and won't be shown in production. 

Code: setupHMR.ts
[0m [90m 79 |[39m [36mfunction[39m captureCurrentStack() {
 [90m 80 |[39m   [90m// If you're reading this, look deeper into the call stack to find the actual error source.[39m
[31m[1m>[22m[39m[90m 81 |[39m   [36mreturn[39m [36mnew[39m [33mNamelessError[39m()[33m.[39mstack[33m;[39m
 [90m    |[39m          [31m[1m^[22m[39m
 [90m 82 |[39m }
 [90m 83 |[39m[0m
Call Stack
  captureCurrentStack (node_modules\expo\src\async-require\setupHMR.ts:81:10)
  addErrorStacks (node_modules\expo\src\async-require\setupHMR.ts:59:19)
  console.level (node_modules\expo\src\async-require\setupHMR.ts:22:48)
  consoleErrorMiddleware (node_modules\@expo\log-box\src\LogBox.ts:101:23)
  console.error (node_modules\@expo\log-box\src\LogBox.ts:33:25)
  onUnhandledAction (node_modules\expo-router\build\ExpoRoot.js:183:17)
  <anonymous> (node_modules\expo-router\build\react-navigation\core\useNavigationBuilder.js:611:32)
  latestCallback (node_modules\expo-router\build\utils\useLatestCallback.js:52:28)
  dispatch (node_modules\expo-router\build\react-navigation\core\useNavigationHelpers.js:57:34)
  listeners.focus._$argument_0 (node_modules\expo-router\build\react-navigation\core\BaseNavigationContainer.js:120:59)
  listener (node_modules\expo-router\build\react-navigation\core\useFocusedListenersChildrenAdapter.js:54:45)
  listener (node_modules\expo-router\build\react-navigation\core\useFocusedListenersChildrenAdapter.js:49:45)
  <anonymous> (node_modules\expo-router\build\react-navigation\core\BaseNavigationContainer.js:120:31)
  latestCallback (node_modules\expo-router\build\utils\useLatestCallback.js:52:28)
  exports.routingQueue.run (node_modules\expo-router\build\global-state\routingQueue.js:40:33)
  <anonymous> (node_modules\expo-router\build\imperative-api.js:12:32)
  callCreate.react_stack_bottom_frame (node_modules\react-dom\cjs\react-dom-client.development.js:25989:20)
  runWithFiberInDEV (node_modules\react-dom\cjs\react-dom-client.development.js:871:30)
  commitHookEffectListMount (node_modules\react-dom\cjs\react-dom-client.development.js:13249:29)
  commitHookPassiveMountEffects (node_modules\react-dom\cjs\react-dom-client.development.js:13336:11)
  commitPassiveMountOnFiber (node_modules\react-dom\cjs\react-dom-client.development.js:15484:13)
  recursivelyTraversePassiveMountEffects (node_modules\react-dom\cjs\react-dom-client.development.js:15439:11)
  commitPassiveMountOnFiber (node_modules\react-dom\cjs\react-dom-client.development.js:15718:11)
  recursivelyTraversePassiveMountEffects (node_modules\react-dom\cjs\react-dom-client.development.js:15439:11)
  commitPassiveMountOnFiber (node_modules\react-dom\cjs\react-dom-client.development.js:15476:11)
  recursivelyTraversePassiveMountEffects (node_modules\react-dom\cjs\react-dom-client.development.js:15439:11)
  commitPassiveMountOnFiber (node_modules\react-dom\cjs\react-dom-client.development.js:15476:11)
  recursivelyTraversePassiveMountEffects (node_modules\react-dom\cjs\react-dom-client.development.js:15439:11)
  commitPassiveMountOnFiber (node_modules\react-dom\cjs\react-dom-client.development.js:15718:11)
  recursivelyTraversePassiveMountEffects (node_modules\react-dom\cjs\react-dom-client.development.js:15439:11)
  commitPassiveMountOnFiber (node_modules\react-dom\cjs\react-dom-client.development.js:15504:11)
  recursivelyTraversePassiveMountEffects (node_modules\react-dom\cjs\react-dom-client.development.js:15439:11)
  commitPassiveMountOnFiber (node_modules\react-dom\cjs\react-dom-client.development.js:15476:11)
  recursivelyTraversePassiveMountEffects (node_modules\react-dom\cjs\react-dom-client.development.js:15439:11)
  commitPassiveMountOnFiber (node_modules\react-dom\cjs\react-dom-client.development.js:15476:11) 

Code: ExpoRoot.js
[0m [90m 133 |[39m         }
 [90m 134 |[39m     }
[31m[1m>[22m[39m[90m 135 |[39m     [36mreturn[39m (([35m0[39m[33m,[39m jsx_runtime_1[33m.[39mjsx)(storeContext_1[33m.[39m[33mStoreContext[39m[33m.[39m[33mProvider[39m[33m,[39m { value[33m:[39m store[33m,[39m children[33m:[39m ([35m0[39m[33m,[39m jsx_runtime_1[33m.[39mjsx)([33mNavigationContainer_1[39m[33m.[39m[33mNavigationContainer[39m[33m,[39m { ref[33m:[39m store[33m.[39mnavigationRef[33m,[39m initialState[33m:[39m store[33m.[39mstate[33m,[39m linking[33m:[39m store[33m.[39mlinking[33m,[39m onUnhandledAction[33m:[39m onUnhandledAction[33m,[39m onStateChange[33m:[39m store[33m.[39monStateChange[33m,[39m documentTitle[33m:[39m documentTitle[33m,[39m onReady[33m:[39m onNavigationReady[33m,[39m children[33m:[39m ([35m0[39m[33m,[39m jsx_runtime_1[33m.[39mjsx)(serverLocationContext_1[33m.[39m[33mServerContext[39m[33m.[39m[33mProvider[39m[33m,[39m { value[33m:[39m serverContext[33m,[39m children[33m:[39m ([35m0[39m[33m,[39m jsx_runtime_1[33m.[39mjsx)([33mWrapperComponent[39m[33m,[39m { children[33m:[39m ([35m0[39m[33m,[39m jsx_runtime_1[33m.[39mjsx)([33mContent[39m[33m,[39m {}) }) }) }) }))[33m;[39m
 [90m     |[39m                                                                                                                         [31m[1m^[22m[39m
 [90m 136 |[39m }
 [90m 137 |[39m [36mfunction[39m [33mContent[39m() {
 [90m 138 |[39m     [36mconst[39m children [33m=[39m [([35m0[39m[33m,[39m jsx_runtime_1[33m.[39mjsx)(primitives_1[33m.[39m[33mScreen[39m[33m,[39m { name[33m:[39m constants_1[33m.[39m[33mINTERNAL_SLOT_NAME[39m[33m,[39m component[33m:[39m router_store_1[33m.[39mstore[33m.[39mrootComponent })][33m;[39m[0m
Call Stack
  ContextNavigator (node_modules\expo-router\build\ExpoRoot.js:135:121)
  ExpoRoot (node_modules\expo-router\build\ExpoRoot.js:85:33)
  App (node_modules\expo-router\build\qualified-entry.js:20:91)
  WithDevTools (node_modules\expo\src\launch\withDevTools.web.tsx:11:9)
Web  ERROR  The action 'GO_BACK' was not handled by any navigator.

Is there any screen to go back to?

This is a development-only warning and won't be shown in production. 

Code: setupHMR.ts
[0m [90m 79 |[39m [36mfunction[39m captureCurrentStack() {
 [90m 80 |[39m   [90m// If you're reading this, look deeper into the call stack to find the actual error source.[39m
[31m[1m>[22m[39m[90m 81 |[39m   [36mreturn[39m [36mnew[39m [33mNamelessError[39m()[33m.[39mstack[33m;[39m
 [90m    |[39m          [31m[1m^[22m[39m
 [90m 82 |[39m }
 [90m 83 |[39m[0m
Call Stack
  captureCurrentStack (node_modules\expo\src\async-require\setupHMR.ts:81:10)
  addErrorStacks (node_modules\expo\src\async-require\setupHMR.ts:59:19)
  console.level (node_modules\expo\src\async-require\setupHMR.ts:22:48)
  consoleErrorMiddleware (node_modules\@expo\log-box\src\LogBox.ts:101:23)
  console.error (node_modules\@expo\log-box\src\LogBox.ts:33:25)
  onUnhandledAction (node_modules\expo-router\build\ExpoRoot.js:183:17)
  <anonymous> (node_modules\expo-router\build\react-navigation\core\useNavigationBuilder.js:611:32)
  latestCallback (node_modules\expo-router\build\utils\useLatestCallback.js:52:28)
  dispatch (node_modules\expo-router\build\react-navigation\core\useNavigationHelpers.js:57:34)
  listeners.focus._$argument_0 (node_modules\expo-router\build\react-navigation\core\BaseNavigationContainer.js:120:59)
  listener (node_modules\expo-router\build\react-navigation\core\useFocusedListenersChildrenAdapter.js:54:45)
  listener (node_modules\expo-router\build\react-navigation\core\useFocusedListenersChildrenAdapter.js:49:45)
  <anonymous> (node_modules\expo-router\build\react-navigation\core\BaseNavigationContainer.js:120:31)
  latestCallback (node_modules\expo-router\build\utils\useLatestCallback.js:52:28)
  exports.routingQueue.run (node_modules\expo-router\build\global-state\routingQueue.js:40:33)
  <anonymous> (node_modules\expo-router\build\imperative-api.js:12:32)
  callCreate.react_stack_bottom_frame (node_modules\react-dom\cjs\react-dom-client.development.js:25989:20)
  runWithFiberInDEV (node_modules\react-dom\cjs\react-dom-client.development.js:871:30)
  commitHookEffectListMount (node_modules\react-dom\cjs\react-dom-client.development.js:13249:29)
  commitHookPassiveMountEffects (node_modules\react-dom\cjs\react-dom-client.development.js:13336:11)
  commitPassiveMountOnFiber (node_modules\react-dom\cjs\react-dom-client.development.js:15484:13)
  recursivelyTraversePassiveMountEffects (node_modules\react-dom\cjs\react-dom-client.development.js:15439:11)
  commitPassiveMountOnFiber (node_modules\react-dom\cjs\react-dom-client.development.js:15718:11)
  recursivelyTraversePassiveMountEffects (node_modules\react-dom\cjs\react-dom-client.development.js:15439:11)
  commitPassiveMountOnFiber (node_modules\react-dom\cjs\react-dom-client.development.js:15476:11)
  recursivelyTraversePassiveMountEffects (node_modules\react-dom\cjs\react-dom-client.development.js:15439:11)
  commitPassiveMountOnFiber (node_modules\react-dom\cjs\react-dom-client.development.js:15476:11)
  recursivelyTraversePassiveMountEffects (node_modules\react-dom\cjs\react-dom-client.development.js:15439:11)
  commitPassiveMountOnFiber (node_modules\react-dom\cjs\react-dom-client.development.js:15718:11)
  recursivelyTraversePassiveMountEffects (node_modules\react-dom\cjs\react-dom-client.development.js:15439:11)
  commitPassiveMountOnFiber (node_modules\react-dom\cjs\react-dom-client.development.js:15504:11)
  recursivelyTraversePassiveMountEffects (node_modules\react-dom\cjs\react-dom-client.development.js:15439:11)
  commitPassiveMountOnFiber (node_modules\react-dom\cjs\react-dom-client.development.js:15476:11)
  recursivelyTraversePassiveMountEffects (node_modules\react-dom\cjs\react-dom-client.development.js:15439:11)
  commitPassiveMountOnFiber (node_modules\react-dom\cjs\react-dom-client.development.js:15476:11) 

Code: ExpoRoot.js
[0m [90m 133 |[39m         }
 [90m 134 |[39m     }
[31m[1m>[22m[39m[90m 135 |[39m     [36mreturn[39m (([35m0[39m[33m,[39m jsx_runtime_1[33m.[39mjsx)(storeContext_1[33m.[39m[33mStoreContext[39m[33m.[39m[33mProvider[39m[33m,[39m { value[33m:[39m store[33m,[39m children[33m:[39m ([35m0[39m[33m,[39m jsx_runtime_1[33m.[39mjsx)([33mNavigationContainer_1[39m[33m.[39m[33mNavigationContainer[39m[33m,[39m { ref[33m:[39m store[33m.[39mnavigationRef[33m,[39m initialState[33m:[39m store[33m.[39mstate[33m,[39m linking[33m:[39m store[33m.[39mlinking[33m,[39m onUnhandledAction[33m:[39m onUnhandledAction[33m,[39m onStateChange[33m:[39m store[33m.[39monStateChange[33m,[39m documentTitle[33m:[39m documentTitle[33m,[39m onReady[33m:[39m onNavigationReady[33m,[39m children[33m:[39m ([35m0[39m[33m,[39m jsx_runtime_1[33m.[39mjsx)(serverLocationContext_1[33m.[39m[33mServerContext[39m[33m.[39m[33mProvider[39m[33m,[39m { value[33m:[39m serverContext[33m,[39m children[33m:[39m ([35m0[39m[33m,[39m jsx_runtime_1[33m.[39mjsx)([33mWrapperComponent[39m[33m,[39m { children[33m:[39m ([35m0[39m[33m,[39m jsx_runtime_1[33m.[39mjsx)([33mContent[39m[33m,[39m {}) }) }) }) }))[33m;[39m
 [90m     |[39m                                                                                                                         [31m[1m^[22m[39m
 [90m 136 |[39m }
 [90m 137 |[39m [36mfunction[39m [33mContent[39m() {
 [90m 138 |[39m     [36mconst[39m children [33m=[39m [([35m0[39m[33m,[39m jsx_runtime_1[33m.[39mjsx)(primitives_1[33m.[39m[33mScreen[39m[33m,[39m { name[33m:[39m constants_1[33m.[39m[33mINTERNAL_SLOT_NAME[39m[33m,[39m component[33m:[39m router_store_1[33m.[39mstore[33m.[39mrootComponent })][33m;[39m[0m
Call Stack
  ContextNavigator (node_modules\expo-router\build\ExpoRoot.js:135:121)
  ExpoRoot (node_modules\expo-router\build\ExpoRoot.js:85:33)
  App (node_modules\expo-router\build\qualified-entry.js:20:91)
  WithDevTools (node_modules\expo\src\launch\withDevTools.web.tsx:11:9)
Web  ERROR  The action 'GO_BACK' was not handled by any navigator.

Is there any screen to go back to?

This is a development-only warning and won't be shown in production. 

Code: setupHMR.ts
[0m [90m 79 |[39m [36mfunction[39m captureCurrentStack() {
 [90m 80 |[39m   [90m// If you're reading this, look deeper into the call stack to find the actual error source.[39m
[31m[1m>[22m[39m[90m 81 |[39m   [36mreturn[39m [36mnew[39m [33mNamelessError[39m()[33m.[39mstack[33m;[39m
 [90m    |[39m          [31m[1m^[22m[39m
 [90m 82 |[39m }
 [90m 83 |[39m[0m
Call Stack
  captureCurrentStack (node_modules\expo\src\async-require\setupHMR.ts:81:10)
  addErrorStacks (node_modules\expo\src\async-require\setupHMR.ts:59:19)
  console.level (node_modules\expo\src\async-require\setupHMR.ts:22:48)
  consoleErrorMiddleware (node_modules\@expo\log-box\src\LogBox.ts:101:23)
  console.error (node_modules\@expo\log-box\src\LogBox.ts:33:25)
  onUnhandledAction (node_modules\expo-router\build\ExpoRoot.js:183:17)
  <anonymous> (node_modules\expo-router\build\react-navigation\core\useNavigationBuilder.js:611:32)
  latestCallback (node_modules\expo-router\build\utils\useLatestCallback.js:52:28)
  dispatch (node_modules\expo-router\build\react-navigation\core\useNavigationHelpers.js:57:34)
  listeners.focus._$argument_0 (node_modules\expo-router\build\react-navigation\core\BaseNavigationContainer.js:120:59)
  listener (node_modules\expo-router\build\react-navigation\core\useFocusedListenersChildrenAdapter.js:54:45)
  listener (node_modules\expo-router\build\react-navigation\core\useFocusedListenersChildrenAdapter.js:49:45)
  <anonymous> (node_modules\expo-router\build\react-navigation\core\BaseNavigationContainer.js:120:31)
  latestCallback (node_modules\expo-router\build\utils\useLatestCallback.js:52:28)
  exports.routingQueue.run (node_modules\expo-router\build\global-state\routingQueue.js:40:33)
  <anonymous> (node_modules\expo-router\build\imperative-api.js:12:32)
  callCreate.react_stack_bottom_frame (node_modules\react-dom\cjs\react-dom-client.development.js:25989:20)
  runWithFiberInDEV (node_modules\react-dom\cjs\react-dom-client.development.js:871:30)
  commitHookEffectListMount (node_modules\react-dom\cjs\react-dom-client.development.js:13249:29)
  commitHookPassiveMountEffects (node_modules\react-dom\cjs\react-dom-client.development.js:13336:11)
  commitPassiveMountOnFiber (node_modules\react-dom\cjs\react-dom-client.development.js:15484:13)
  recursivelyTraversePassiveMountEffects (node_modules\react-dom\cjs\react-dom-client.development.js:15439:11)
  commitPassiveMountOnFiber (node_modules\react-dom\cjs\react-dom-client.development.js:15718:11)
  recursivelyTraversePassiveMountEffects (node_modules\react-dom\cjs\react-dom-client.development.js:15439:11)
  commitPassiveMountOnFiber (node_modules\react-dom\cjs\react-dom-client.development.js:15476:11)
  recursivelyTraversePassiveMountEffects (node_modules\react-dom\cjs\react-dom-client.development.js:15439:11)
  commitPassiveMountOnFiber (node_modules\react-dom\cjs\react-dom-client.development.js:15476:11)
  recursivelyTraversePassiveMountEffects (node_modules\react-dom\cjs\react-dom-client.development.js:15439:11)
  commitPassiveMountOnFiber (node_modules\react-dom\cjs\react-dom-client.development.js:15718:11)
  recursivelyTraversePassiveMountEffects (node_modules\react-dom\cjs\react-dom-client.development.js:15439:11)
  commitPassiveMountOnFiber (node_modules\react-dom\cjs\react-dom-client.development.js:15504:11)
  recursivelyTraversePassiveMountEffects (node_modules\react-dom\cjs\react-dom-client.development.js:15439:11)
  commitPassiveMountOnFiber (node_modules\react-dom\cjs\react-dom-client.development.js:15476:11)
  recursivelyTraversePassiveMountEffects (node_modules\react-dom\cjs\react-dom-client.development.js:15439:11)
  commitPassiveMountOnFiber (node_modules\react-dom\cjs\react-dom-client.development.js:15476:11) 

Code: ExpoRoot.js
[0m [90m 133 |[39m         }
 [90m 134 |[39m     }
[31m[1m>[22m[39m[90m 135 |[39m     [36mreturn[39m (([35m0[39m[33m,[39m jsx_runtime_1[33m.[39mjsx)(storeContext_1[33m.[39m[33mStoreContext[39m[33m.[39m[33mProvider[39m[33m,[39m { value[33m:[39m store[33m,[39m children[33m:[39m ([35m0[39m[33m,[39m jsx_runtime_1[33m.[39mjsx)([33mNavigationContainer_1[39m[33m.[39m[33mNavigationContainer[39m[33m,[39m { ref[33m:[39m store[33m.[39mnavigationRef[33m,[39m initialState[33m:[39m store[33m.[39mstate[33m,[39m linking[33m:[39m store[33m.[39mlinking[33m,[39m onUnhandledAction[33m:[39m onUnhandledAction[33m,[39m onStateChange[33m:[39m store[33m.[39monStateChange[33m,[39m documentTitle[33m:[39m documentTitle[33m,[39m onReady[33m:[39m onNavigationReady[33m,[39m children[33m:[39m ([35m0[39m[33m,[39m jsx_runtime_1[33m.[39mjsx)(serverLocationContext_1[33m.[39m[33mServerContext[39m[33m.[39m[33mProvider[39m[33m,[39m { value[33m:[39m serverContext[33m,[39m children[33m:[39m ([35m0[39m[33m,[39m jsx_runtime_1[33m.[39mjsx)([33mWrapperComponent[39m[33m,[39m { children[33m:[39m ([35m0[39m[33m,[39m jsx_runtime_1[33m.[39mjsx)([33mContent[39m[33m,[39m {}) }) }) }) }))[33m;[39m
 [90m     |[39m                                                                                                                         [31m[1m^[22m[39m
 [90m 136 |[39m }
 [90m 137 |[39m [36mfunction[39m [33mContent[39m() {
 [90m 138 |[39m     [36mconst[39m children [33m=[39m [([35m0[39m[33m,[39m jsx_runtime_1[33m.[39mjsx)(primitives_1[33m.[39m[33mScreen[39m[33m,[39m { name[33m:[39m constants_1[33m.[39m[33mINTERNAL_SLOT_NAME[39m[33m,[39m component[33m:[39m router_store_1[33m.[39mstore[33m.[39mrootComponent })][33m;[39m[0m
Call Stack
  ContextNavigator (node_modules\expo-router\build\ExpoRoot.js:135:121)
  ExpoRoot (node_modules\expo-router\build\ExpoRoot.js:85:33)
  App (node_modules\expo-router\build\qualified-entry.js:20:91)
  WithDevTools (node_modules\expo\src\launch\withDevTools.web.tsx:11:9)
Web  ERROR  The action 'GO_BACK' was not handled by any navigator.

Is there any screen to go back to?

This is a development-only warning and won't be shown in production. 

Code: setupHMR.ts
[0m [90m 79 |[39m [36mfunction[39m captureCurrentStack() {
 [90m 80 |[39m   [90m// If you're reading this, look deeper into the call stack to find the actual error source.[39m
[31m[1m>[22m[39m[90m 81 |[39m   [36mreturn[39m [36mnew[39m [33mNamelessError[39m()[33m.[39mstack[33m;[39m
 [90m    |[39m          [31m[1m^[22m[39m
 [90m 82 |[39m }
 [90m 83 |[39m[0m
Call Stack
  captureCurrentStack (node_modules\expo\src\async-require\setupHMR.ts:81:10)
  addErrorStacks (node_modules\expo\src\async-require\setupHMR.ts:59:19)
  console.level (node_modules\expo\src\async-require\setupHMR.ts:22:48)
  consoleErrorMiddleware (node_modules\@expo\log-box\src\LogBox.ts:101:23)
  console.error (node_modules\@expo\log-box\src\LogBox.ts:33:25)
  onUnhandledAction (node_modules\expo-router\build\ExpoRoot.js:183:17)
  <anonymous> (node_modules\expo-router\build\react-navigation\core\useNavigationBuilder.js:611:32)
  latestCallback (node_modules\expo-router\build\utils\useLatestCallback.js:52:28)
  dispatch (node_modules\expo-router\build\react-navigation\core\useNavigationHelpers.js:57:34)
  listeners.focus._$argument_0 (node_modules\expo-router\build\react-navigation\core\BaseNavigationContainer.js:120:59)
  listener (node_modules\expo-router\build\react-navigation\core\useFocusedListenersChildrenAdapter.js:54:45)
  listener (node_modules\expo-router\build\react-navigation\core\useFocusedListenersChildrenAdapter.js:49:45)
  <anonymous> (node_modules\expo-router\build\react-navigation\core\BaseNavigationContainer.js:120:31)
  latestCallback (node_modules\expo-router\build\utils\useLatestCallback.js:52:28)
  exports.routingQueue.run (node_modules\expo-router\build\global-state\routingQueue.js:40:33)
  <anonymous> (node_modules\expo-router\build\imperative-api.js:12:32)
  callCreate.react_stack_bottom_frame (node_modules\react-dom\cjs\react-dom-client.development.js:25989:20)
  runWithFiberInDEV (node_modules\react-dom\cjs\react-dom-client.development.js:871:30)
  commitHookEffectListMount (node_modules\react-dom\cjs\react-dom-client.development.js:13249:29)
  commitHookPassiveMountEffects (node_modules\react-dom\cjs\react-dom-client.development.js:13336:11)
  commitPassiveMountOnFiber (node_modules\react-dom\cjs\react-dom-client.development.js:15484:13)
  recursivelyTraversePassiveMountEffects (node_modules\react-dom\cjs\react-dom-client.development.js:15439:11)
  commitPassiveMountOnFiber (node_modules\react-dom\cjs\react-dom-client.development.js:15718:11)
  recursivelyTraversePassiveMountEffects (node_modules\react-dom\cjs\react-dom-client.development.js:15439:11)
  commitPassiveMountOnFiber (node_modules\react-dom\cjs\react-dom-client.development.js:15476:11)
  recursivelyTraversePassiveMountEffects (node_modules\react-dom\cjs\react-dom-client.development.js:15439:11)
  commitPassiveMountOnFiber (node_modules\react-dom\cjs\react-dom-client.development.js:15476:11)
  recursivelyTraversePassiveMountEffects (node_modules\react-dom\cjs\react-dom-client.development.js:15439:11)
  commitPassiveMountOnFiber (node_modules\react-dom\cjs\react-dom-client.development.js:15718:11)
  recursivelyTraversePassiveMountEffects (node_modules\react-dom\cjs\react-dom-client.development.js:15439:11)
  commitPassiveMountOnFiber (node_modules\react-dom\cjs\react-dom-client.development.js:15504:11)
  recursivelyTraversePassiveMountEffects (node_modules\react-dom\cjs\react-dom-client.development.js:15439:11)
  commitPassiveMountOnFiber (node_modules\react-dom\cjs\react-dom-client.development.js:15476:11)
  recursivelyTraversePassiveMountEffects (node_modules\react-dom\cjs\react-dom-client.development.js:15439:11)
  commitPassiveMountOnFiber (node_modules\react-dom\cjs\react-dom-client.development.js:15476:11) 

Code: ExpoRoot.js
[0m [90m 133 |[39m         }
 [90m 134 |[39m     }
[31m[1m>[22m[39m[90m 135 |[39m     [36mreturn[39m (([35m0[39m[33m,[39m jsx_runtime_1[33m.[39mjsx)(storeContext_1[33m.[39m[33mStoreContext[39m[33m.[39m[33mProvider[39m[33m,[39m { value[33m:[39m store[33m,[39m children[33m:[39m ([35m0[39m[33m,[39m jsx_runtime_1[33m.[39mjsx)([33mNavigationContainer_1[39m[33m.[39m[33mNavigationContainer[39m[33m,[39m { ref[33m:[39m store[33m.[39mnavigationRef[33m,[39m initialState[33m:[39m store[33m.[39mstate[33m,[39m linking[33m:[39m store[33m.[39mlinking[33m,[39m onUnhandledAction[33m:[39m onUnhandledAction[33m,[39m onStateChange[33m:[39m store[33m.[39monStateChange[33m,[39m documentTitle[33m:[39m documentTitle[33m,[39m onReady[33m:[39m onNavigationReady[33m,[39m children[33m:[39m ([35m0[39m[33m,[39m jsx_runtime_1[33m.[39mjsx)(serverLocationContext_1[33m.[39m[33mServerContext[39m[33m.[39m[33mProvider[39m[33m,[39m { value[33m:[39m serverContext[33m,[39m children[33m:[39m ([35m0[39m[33m,[39m jsx_runtime_1[33m.[39mjsx)([33mWrapperComponent[39m[33m,[39m { children[33m:[39m ([35m0[39m[33m,[39m jsx_runtime_1[33m.[39mjsx)([33mContent[39m[33m,[39m {}) }) }) }) }))[33m;[39m
 [90m     |[39m                                                                                                                         [31m[1m^[22m[39m
 [90m 136 |[39m }
 [90m 137 |[39m [36mfunction[39m [33mContent[39m() {
 [90m 138 |[39m     [36mconst[39m children [33m=[39m [([35m0[39m[33m,[39m jsx_runtime_1[33m.[39mjsx)(primitives_1[33m.[39m[33mScreen[39m[33m,[39m { name[33m:[39m constants_1[33m.[39m[33mINTERNAL_SLOT_NAME[39m[33m,[39m component[33m:[39m router_store_1[33m.[39mstore[33m.[39mrootComponent })][33m;[39m[0m
Call Stack
  ContextNavigator (node_modules\expo-router\build\ExpoRoot.js:135:121)
  ExpoRoot (node_modules\expo-router\build\ExpoRoot.js:85:33)
  App (node_modules\expo-router\build\qualified-entry.js:20:91)
  WithDevTools (node_modules\expo\src\launch\withDevTools.web.tsx:11:9)
