[debug] [2026-06-20T13:24:03.045Z] ----------------------------------------------------------------------
[debug] [2026-06-20T13:24:03.048Z] Command:       C:\Program Files\nodejs\node.exe C:\Users\User\AppData\Local\npm-cache\_npx\ba4f1959e38407b5\node_modules\firebase-tools\lib\bin\firebase.js login:list
[debug] [2026-06-20T13:24:03.048Z] CLI Version:   15.22.0
[debug] [2026-06-20T13:24:03.048Z] Platform:      win32
[debug] [2026-06-20T13:24:03.048Z] Node Version:  v26.3.0
[debug] [2026-06-20T13:24:03.049Z] Detected Agent: codex_cli
[debug] [2026-06-20T13:24:03.049Z] Time:          Sat Jun 20 2026 20:24:03 GMT+0700 (เวลาอินโดจีน)
[debug] [2026-06-20T13:24:03.049Z] ----------------------------------------------------------------------
[debug] 
[info] Logged in as aunyawat2008@gmail.com
[debug] [2026-06-20T13:24:50.053Z] ----------------------------------------------------------------------
[debug] [2026-06-20T13:24:50.055Z] Command:       C:\Program Files\nodejs\node.exe C:\Users\User\AppData\Local\npm-cache\_npx\ba4f1959e38407b5\node_modules\firebase-tools\lib\bin\firebase.js deploy --only firestore:rules --project calculo-65308
[debug] [2026-06-20T13:24:50.055Z] CLI Version:   15.22.0
[debug] [2026-06-20T13:24:50.055Z] Platform:      win32
[debug] [2026-06-20T13:24:50.055Z] Node Version:  v26.3.0
[debug] [2026-06-20T13:24:50.055Z] Detected Agent: codex_cli
[debug] [2026-06-20T13:24:50.055Z] Time:          Sat Jun 20 2026 20:24:50 GMT+0700 (เวลาอินโดจีน)
[debug] [2026-06-20T13:24:50.055Z] ----------------------------------------------------------------------
[debug] 
[debug] [2026-06-20T13:24:52.148Z] > command requires scopes: ["email","openid","https://www.googleapis.com/auth/cloudplatformprojects.readonly","https://www.googleapis.com/auth/firebase","https://www.googleapis.com/auth/cloud-platform"]
[debug] [2026-06-20T13:24:52.150Z] > authorizing via signed-in user (aunyawat2008@gmail.com)
[debug] [2026-06-20T13:24:52.150Z] [iam] checking project calculo-65308 for permissions ["datastore.indexes.create","datastore.indexes.delete","datastore.indexes.list","datastore.indexes.update","firebase.projects.get"]
[debug] [2026-06-20T13:24:52.152Z] Checked if tokens are valid: true, expires at: 1781965413379
[debug] [2026-06-20T13:24:52.153Z] Checked if tokens are valid: true, expires at: 1781965413379
[debug] [2026-06-20T13:24:52.157Z] >>> [apiv2][query] POST https://cloudresourcemanager.googleapis.com/v1/projects/calculo-65308:testIamPermissions [none]
[debug] [2026-06-20T13:24:52.157Z] >>> [apiv2][(partial)header] POST https://cloudresourcemanager.googleapis.com/v1/projects/calculo-65308:testIamPermissions  x-goog-user-project=calculo-65308
[debug] [2026-06-20T13:24:52.157Z] >>> [apiv2][body] POST https://cloudresourcemanager.googleapis.com/v1/projects/calculo-65308:testIamPermissions {"permissions":["datastore.indexes.create","datastore.indexes.delete","datastore.indexes.list","datastore.indexes.update","firebase.projects.get"]}
[debug] [2026-06-20T13:24:52.509Z] <<< [apiv2][status] POST https://cloudresourcemanager.googleapis.com/v1/projects/calculo-65308:testIamPermissions 200
[debug] [2026-06-20T13:24:52.509Z] <<< [apiv2][body] POST https://cloudresourcemanager.googleapis.com/v1/projects/calculo-65308:testIamPermissions {"permissions":["datastore.indexes.create","datastore.indexes.delete","datastore.indexes.list","datastore.indexes.update","firebase.projects.get"]}
[info] 
[info] === Deploying to 'calculo-65308'...
[info] 
[info] i  deploying firestore 
[info] i  firestore: ensuring required API firestore.googleapis.com is enabled... 
[debug] [2026-06-20T13:24:52.519Z] Checked if tokens are valid: true, expires at: 1781965413379
[debug] [2026-06-20T13:24:52.520Z] Checked if tokens are valid: true, expires at: 1781965413379
[debug] [2026-06-20T13:24:52.520Z] >>> [apiv2][query] GET https://serviceusage.googleapis.com/v1/projects/calculo-65308/services/firestore.googleapis.com [none]
[debug] [2026-06-20T13:24:52.520Z] >>> [apiv2][(partial)header] GET https://serviceusage.googleapis.com/v1/projects/calculo-65308/services/firestore.googleapis.com  x-goog-user-project=calculo-65308
[debug] [2026-06-20T13:24:54.020Z] <<< [apiv2][status] GET https://serviceusage.googleapis.com/v1/projects/calculo-65308/services/firestore.googleapis.com 200
[debug] [2026-06-20T13:24:54.020Z] <<< [apiv2][body] GET https://serviceusage.googleapis.com/v1/projects/calculo-65308/services/firestore.googleapis.com [omitted]
[info] +  firestore: required API firestore.googleapis.com is enabled 
[info] i  firestore: ensuring required API firestore.googleapis.com is enabled... 
[debug] [2026-06-20T13:24:54.066Z] Checked if tokens are valid: true, expires at: 1781965413379
[debug] [2026-06-20T13:24:54.066Z] Checked if tokens are valid: true, expires at: 1781965413379
[debug] [2026-06-20T13:24:54.066Z] >>> [apiv2][query] GET https://firestore.googleapis.com/v1/projects/calculo-65308/databases/(default) [none]
[debug] [2026-06-20T13:24:54.242Z] <<< [apiv2][status] GET https://firestore.googleapis.com/v1/projects/calculo-65308/databases/(default) 200
[debug] [2026-06-20T13:24:54.242Z] <<< [apiv2][body] GET https://firestore.googleapis.com/v1/projects/calculo-65308/databases/(default) {"name":"projects/calculo-65308/databases/(default)","uid":"b606eb4e-3b51-4bf4-b50f-ceb1f3bf001a","createTime":"2026-06-17T13:24:31.465730Z","updateTime":"2026-06-17T13:24:31.465730Z","locationId":"asia-southeast3","type":"FIRESTORE_NATIVE","concurrencyMode":"PESSIMISTIC","versionRetentionPeriod":"3600s","earliestVersionTime":"2026-06-20T12:24:54.204919Z","appEngineIntegrationMode":"DISABLED","pointInTimeRecoveryEnablement":"POINT_IN_TIME_RECOVERY_DISABLED","deleteProtectionState":"DELETE_PROTECTION_DISABLED","databaseEdition":"STANDARD","freeTier":true,"realtimeUpdatesMode":"REALTIME_UPDATES_MODE_ENABLED","etag":"IOCp1K31lZUDMPennoKwjpUD"}
[info] i  cloud.firestore: checking firestore.rules for compilation errors... 
[debug] [2026-06-20T13:24:54.244Z] Checked if tokens are valid: true, expires at: 1781965413379
[debug] [2026-06-20T13:24:54.244Z] Checked if tokens are valid: true, expires at: 1781965413379
[debug] [2026-06-20T13:24:54.244Z] >>> [apiv2][query] POST https://firebaserules.googleapis.com/v1/projects/calculo-65308:test [none]
[debug] [2026-06-20T13:24:54.244Z] >>> [apiv2][body] POST https://firebaserules.googleapis.com/v1/projects/calculo-65308:test [omitted]
[debug] [2026-06-20T13:24:54.804Z] <<< [apiv2][status] POST https://firebaserules.googleapis.com/v1/projects/calculo-65308:test 200
[debug] [2026-06-20T13:24:54.805Z] <<< [apiv2][body] POST https://firebaserules.googleapis.com/v1/projects/calculo-65308:test {}
[info] +  cloud.firestore: rules file firestore.rules compiled successfully 
[debug] [2026-06-20T13:24:54.806Z] Checked if tokens are valid: true, expires at: 1781965413379
[debug] [2026-06-20T13:24:54.806Z] Checked if tokens are valid: true, expires at: 1781965413379
[debug] [2026-06-20T13:24:54.806Z] >>> [apiv2][query] GET https://firebaserules.googleapis.com/v1/projects/calculo-65308/releases pageSize=10&pageToken=
[debug] [2026-06-20T13:24:56.453Z] <<< [apiv2][status] GET https://firebaserules.googleapis.com/v1/projects/calculo-65308/releases 200
[debug] [2026-06-20T13:24:56.453Z] <<< [apiv2][body] GET https://firebaserules.googleapis.com/v1/projects/calculo-65308/releases {"releases":[{"name":"projects/calculo-65308/releases/cloud.firestore","rulesetName":"projects/calculo-65308/rulesets/b0102910-2dc3-40a0-95dd-055a96668a82","createTime":"2026-06-17T13:24:35.536569Z","updateTime":"2026-06-18T10:48:10.489242Z"}]}
[debug] [2026-06-20T13:24:56.454Z] Checked if tokens are valid: true, expires at: 1781965413379
[debug] [2026-06-20T13:24:56.454Z] Checked if tokens are valid: true, expires at: 1781965413379
[debug] [2026-06-20T13:24:56.454Z] >>> [apiv2][query] GET https://firebaserules.googleapis.com/v1/projects/calculo-65308/rulesets/b0102910-2dc3-40a0-95dd-055a96668a82 [none]
[debug] [2026-06-20T13:24:56.755Z] <<< [apiv2][status] GET https://firebaserules.googleapis.com/v1/projects/calculo-65308/rulesets/b0102910-2dc3-40a0-95dd-055a96668a82 200
[debug] [2026-06-20T13:24:56.756Z] <<< [apiv2][body] GET https://firebaserules.googleapis.com/v1/projects/calculo-65308/rulesets/b0102910-2dc3-40a0-95dd-055a96668a82 [omitted]
[info] i  firestore: uploading rules firestore.rules... 
[debug] [2026-06-20T13:24:56.756Z] Checked if tokens are valid: true, expires at: 1781965413379
[debug] [2026-06-20T13:24:56.757Z] Checked if tokens are valid: true, expires at: 1781965413379
[debug] [2026-06-20T13:24:56.757Z] >>> [apiv2][query] POST https://firebaserules.googleapis.com/v1/projects/calculo-65308/rulesets [none]
[debug] [2026-06-20T13:24:56.757Z] >>> [apiv2][body] POST https://firebaserules.googleapis.com/v1/projects/calculo-65308/rulesets [omitted]
[debug] [2026-06-20T13:24:58.175Z] <<< [apiv2][status] POST https://firebaserules.googleapis.com/v1/projects/calculo-65308/rulesets 200
[debug] [2026-06-20T13:24:58.175Z] <<< [apiv2][body] POST https://firebaserules.googleapis.com/v1/projects/calculo-65308/rulesets {"name":"projects/calculo-65308/rulesets/ce0e296c-ee2b-4822-b7b1-6c03fea57ad6","source":{"files":[{"content":"rules_version = '2';\r\n\r\nservice cloud.firestore {\r\n  match /databases/{database}/documents {\r\n    function signedIn() {\r\n      return request.auth != null;\r\n    }\r\n\r\n    function roomParticipant() {\r\n      return signedIn()\r\n        && (resource.data.hostId == request.auth.uid\r\n          || resource.data.guestId == request.auth.uid);\r\n    }\r\n\r\n    function validWaitingRoomJoin() {\r\n      return signedIn()\r\n        && resource.data.status == \"waiting\"\r\n        && resource.data.hostId != request.auth.uid\r\n        && request.resource.data.hostId == resource.data.hostId\r\n        && request.resource.data.guestId == request.auth.uid\r\n        && request.resource.data.status == \"playing\";\r\n    }\r\n\r\n    match /mathProgress/{userId} {\r\n      allow read, write: if signedIn() && request.auth.uid == userId;\r\n    }\r\n\r\n    match /learningStates/{userId} {\r\n      allow read: if signedIn() && request.auth.uid == userId;\r\n\r\n      allow create, update: if signedIn()\r\n        && userId == request.auth.uid\r\n        && request.resource.data.userId == request.auth.uid;\r\n    }\r\n\r\n    match /userProfiles/{userId} {\r\n      allow read: if signedIn();\r\n\r\n      allow create, update: if signedIn()\r\n        && userId == request.auth.uid\r\n        && request.resource.data.userId == request.auth.uid;\r\n    }\r\n\r\n    match /competitionRooms/{roomId} {\r\n      allow read: if signedIn();\r\n\r\n      allow create: if signedIn()\r\n        && request.resource.data.hostId == request.auth.uid\r\n        && request.resource.data.status == \"waiting\";\r\n\r\n      allow update: if signedIn()\r\n        && (roomParticipant() || validWaitingRoomJoin());\r\n\r\n      allow delete: if signedIn() && resource.data.hostId == request.auth.uid;\r\n    }\r\n\r\n    match /competitionLeaderboard/{userId} {\r\n      allow read: if signedIn();\r\n\r\n      allow create, update: if signedIn()\r\n        && userId == request.auth.uid\r\n        && request.resource.data.playerId == request.auth.uid;\r\n    }\r\n  }\r\n}\r\n","name":"firestore.rules"}]},"createTime":"2026-06-20T13:24:58.014559Z","metadata":{"services":["cloud.firestore"]}}
[debug] [2026-06-20T13:24:58.175Z] [rules] created ruleset projects/calculo-65308/rulesets/ce0e296c-ee2b-4822-b7b1-6c03fea57ad6
[debug] [2026-06-20T13:24:58.175Z] [rules] releasing cloud.firestore with ruleset projects/calculo-65308/rulesets/ce0e296c-ee2b-4822-b7b1-6c03fea57ad6
[debug] [2026-06-20T13:24:58.176Z] Checked if tokens are valid: true, expires at: 1781965413379
[debug] [2026-06-20T13:24:58.176Z] Checked if tokens are valid: true, expires at: 1781965413379
[debug] [2026-06-20T13:24:58.176Z] >>> [apiv2][query] PATCH https://firebaserules.googleapis.com/v1/projects/calculo-65308/releases/cloud.firestore [none]
[debug] [2026-06-20T13:24:58.176Z] >>> [apiv2][body] PATCH https://firebaserules.googleapis.com/v1/projects/calculo-65308/releases/cloud.firestore {"release":{"name":"projects/calculo-65308/releases/cloud.firestore","rulesetName":"projects/calculo-65308/rulesets/ce0e296c-ee2b-4822-b7b1-6c03fea57ad6"}}
[debug] [2026-06-20T13:24:58.535Z] <<< [apiv2][status] PATCH https://firebaserules.googleapis.com/v1/projects/calculo-65308/releases/cloud.firestore 200
[debug] [2026-06-20T13:24:58.536Z] <<< [apiv2][body] PATCH https://firebaserules.googleapis.com/v1/projects/calculo-65308/releases/cloud.firestore {"name":"projects/calculo-65308/releases/cloud.firestore","rulesetName":"projects/calculo-65308/rulesets/ce0e296c-ee2b-4822-b7b1-6c03fea57ad6","createTime":"2026-06-17T13:24:35.536569Z","updateTime":"2026-06-20T13:24:58.375028Z"}
[debug] [2026-06-20T13:24:58.536Z] [rules] updated release projects/calculo-65308/releases/cloud.firestore
[info] +  firestore: released rules firestore.rules to cloud.firestore 
[info] 
[info] +  Deploy complete! 
[info] 
[info] Project Console: https://console.firebase.google.com/project/calculo-65308/overview
[debug] [2026-06-20T13:55:46.564Z] ----------------------------------------------------------------------
[debug] [2026-06-20T13:55:46.566Z] Command:       C:\Program Files\nodejs\node.exe C:\Users\User\AppData\Local\npm-cache\_npx\ba4f1959e38407b5\node_modules\firebase-tools\lib\bin\firebase.js firestore:delete mathProgress/8shge64k6KYd6relLyXhGfyY0xU2 --project calculo-65308 --force
[debug] [2026-06-20T13:55:46.566Z] CLI Version:   15.22.0
[debug] [2026-06-20T13:55:46.566Z] Platform:      win32
[debug] [2026-06-20T13:55:46.566Z] Node Version:  v26.3.0
[debug] [2026-06-20T13:55:46.566Z] Detected Agent: codex_cli
[debug] [2026-06-20T13:55:46.566Z] Time:          Sat Jun 20 2026 20:55:46 GMT+0700 (เวลาอินโดจีน)
[debug] [2026-06-20T13:55:46.566Z] ----------------------------------------------------------------------
[debug] 
[debug] [2026-06-20T13:55:47.871Z] > command requires scopes: ["email","openid","https://www.googleapis.com/auth/cloudplatformprojects.readonly","https://www.googleapis.com/auth/firebase","https://www.googleapis.com/auth/cloud-platform"]
[debug] [2026-06-20T13:55:47.872Z] > authorizing via signed-in user (aunyawat2008@gmail.com)
[debug] [2026-06-20T13:55:47.872Z] [iam] checking project calculo-65308 for permissions ["datastore.entities.delete","datastore.entities.list","firebase.projects.get"]
[debug] [2026-06-20T13:55:47.875Z] Checked if tokens are valid: true, expires at: 1781965413379
[debug] [2026-06-20T13:55:47.875Z] Checked if tokens are valid: true, expires at: 1781965413379
[debug] [2026-06-20T13:55:47.876Z] >>> [apiv2][query] POST https://cloudresourcemanager.googleapis.com/v1/projects/calculo-65308:testIamPermissions [none]
[debug] [2026-06-20T13:55:47.876Z] >>> [apiv2][(partial)header] POST https://cloudresourcemanager.googleapis.com/v1/projects/calculo-65308:testIamPermissions  x-goog-user-project=calculo-65308
[debug] [2026-06-20T13:55:47.876Z] >>> [apiv2][body] POST https://cloudresourcemanager.googleapis.com/v1/projects/calculo-65308:testIamPermissions {"permissions":["datastore.entities.delete","datastore.entities.list","firebase.projects.get"]}
[debug] [2026-06-20T13:55:46.602Z] ----------------------------------------------------------------------
[debug] [2026-06-20T13:55:46.603Z] Command:       C:\Program Files\nodejs\node.exe C:\Users\User\AppData\Local\npm-cache\_npx\ba4f1959e38407b5\node_modules\firebase-tools\lib\bin\firebase.js firestore:delete competitionLeaderboard/8shge64k6KYd6relLyXhGfyY0xU2 --project calculo-65308 --force
[debug] [2026-06-20T13:55:46.604Z] CLI Version:   15.22.0
[debug] [2026-06-20T13:55:46.604Z] Platform:      win32
[debug] [2026-06-20T13:55:46.604Z] Node Version:  v26.3.0
[debug] [2026-06-20T13:55:46.604Z] Detected Agent: codex_cli
[debug] [2026-06-20T13:55:46.604Z] Time:          Sat Jun 20 2026 20:55:46 GMT+0700 (เวลาอินโดจีน)
[debug] [2026-06-20T13:55:46.604Z] ----------------------------------------------------------------------
[debug] 
[debug] [2026-06-20T13:55:47.906Z] > command requires scopes: ["email","openid","https://www.googleapis.com/auth/cloudplatformprojects.readonly","https://www.googleapis.com/auth/firebase","https://www.googleapis.com/auth/cloud-platform"]
[debug] [2026-06-20T13:55:47.906Z] > authorizing via signed-in user (aunyawat2008@gmail.com)
[debug] [2026-06-20T13:55:47.906Z] [iam] checking project calculo-65308 for permissions ["datastore.entities.delete","datastore.entities.list","firebase.projects.get"]
[debug] [2026-06-20T13:55:47.908Z] Checked if tokens are valid: true, expires at: 1781965413379
[debug] [2026-06-20T13:55:47.908Z] Checked if tokens are valid: true, expires at: 1781965413379
[debug] [2026-06-20T13:55:47.909Z] >>> [apiv2][query] POST https://cloudresourcemanager.googleapis.com/v1/projects/calculo-65308:testIamPermissions [none]
[debug] [2026-06-20T13:55:47.909Z] >>> [apiv2][(partial)header] POST https://cloudresourcemanager.googleapis.com/v1/projects/calculo-65308:testIamPermissions  x-goog-user-project=calculo-65308
[debug] [2026-06-20T13:55:47.910Z] >>> [apiv2][body] POST https://cloudresourcemanager.googleapis.com/v1/projects/calculo-65308:testIamPermissions {"permissions":["datastore.entities.delete","datastore.entities.list","firebase.projects.get"]}
[debug] [2026-06-20T13:55:49.097Z] <<< [apiv2][status] POST https://cloudresourcemanager.googleapis.com/v1/projects/calculo-65308:testIamPermissions 200
[debug] [2026-06-20T13:55:49.100Z] <<< [apiv2][status] POST https://cloudresourcemanager.googleapis.com/v1/projects/calculo-65308:testIamPermissions 200
[debug] [2026-06-20T13:55:49.098Z] <<< [apiv2][body] POST https://cloudresourcemanager.googleapis.com/v1/projects/calculo-65308:testIamPermissions {"permissions":["datastore.entities.delete","datastore.entities.list","firebase.projects.get"]}
[debug] [2026-06-20T13:55:49.099Z] Checked if tokens are valid: true, expires at: 1781965413379
[debug] [2026-06-20T13:55:49.099Z] Checked if tokens are valid: true, expires at: 1781965413379
[debug] [2026-06-20T13:55:49.099Z] >>> [apiv2][query] POST https://firestore.googleapis.com/v1/projects/calculo-65308/databases/(default)/documents/competitionLeaderboard/8shge64k6KYd6relLyXhGfyY0xU2:runQuery [none]
[debug] [2026-06-20T13:55:49.099Z] >>> [apiv2][body] POST https://firestore.googleapis.com/v1/projects/calculo-65308/databases/(default)/documents/competitionLeaderboard/8shge64k6KYd6relLyXhGfyY0xU2:runQuery {"structuredQuery":{"limit":1,"from":[{"allDescendants":true}],"select":{"fields":[{"fieldPath":"__name__"}]},"orderBy":[{"field":{"fieldPath":"__name__"}}]}}
[debug] [2026-06-20T13:55:49.100Z] <<< [apiv2][body] POST https://cloudresourcemanager.googleapis.com/v1/projects/calculo-65308:testIamPermissions {"permissions":["datastore.entities.delete","datastore.entities.list","firebase.projects.get"]}
[debug] [2026-06-20T13:55:49.101Z] Checked if tokens are valid: true, expires at: 1781965413379
[debug] [2026-06-20T13:55:49.101Z] Checked if tokens are valid: true, expires at: 1781965413379
[debug] [2026-06-20T13:55:49.101Z] >>> [apiv2][query] POST https://firestore.googleapis.com/v1/projects/calculo-65308/databases/(default)/documents/mathProgress/8shge64k6KYd6relLyXhGfyY0xU2:runQuery [none]
[debug] [2026-06-20T13:55:49.101Z] >>> [apiv2][body] POST https://firestore.googleapis.com/v1/projects/calculo-65308/databases/(default)/documents/mathProgress/8shge64k6KYd6relLyXhGfyY0xU2:runQuery {"structuredQuery":{"limit":1,"from":[{"allDescendants":true}],"select":{"fields":[{"fieldPath":"__name__"}]},"orderBy":[{"field":{"fieldPath":"__name__"}}]}}
[debug] [2026-06-20T13:55:49.300Z] <<< [apiv2][status] POST https://firestore.googleapis.com/v1/projects/calculo-65308/databases/(default)/documents/mathProgress/8shge64k6KYd6relLyXhGfyY0xU2:runQuery 200
[debug] [2026-06-20T13:55:49.301Z] <<< [apiv2][body] POST https://firestore.googleapis.com/v1/projects/calculo-65308/databases/(default)/documents/mathProgress/8shge64k6KYd6relLyXhGfyY0xU2:runQuery [{"readTime":"2026-06-20T13:55:49.205241Z"}]
[debug] [2026-06-20T13:55:49.301Z] Checked if tokens are valid: true, expires at: 1781965413379
[debug] [2026-06-20T13:55:49.301Z] Checked if tokens are valid: true, expires at: 1781965413379
[debug] [2026-06-20T13:55:49.301Z] >>> [apiv2][query] DELETE https://firestore.googleapis.com/v1/projects/calculo-65308/databases/(default)/documents/mathProgress/8shge64k6KYd6relLyXhGfyY0xU2 [none]
[debug] [2026-06-20T13:55:49.303Z] <<< [apiv2][status] POST https://firestore.googleapis.com/v1/projects/calculo-65308/databases/(default)/documents/competitionLeaderboard/8shge64k6KYd6relLyXhGfyY0xU2:runQuery 200
[debug] [2026-06-20T13:55:49.303Z] <<< [apiv2][body] POST https://firestore.googleapis.com/v1/projects/calculo-65308/databases/(default)/documents/competitionLeaderboard/8shge64k6KYd6relLyXhGfyY0xU2:runQuery [{"readTime":"2026-06-20T13:55:49.203097Z"}]
[debug] [2026-06-20T13:55:49.304Z] Checked if tokens are valid: true, expires at: 1781965413379
[debug] [2026-06-20T13:55:49.304Z] Checked if tokens are valid: true, expires at: 1781965413379
[debug] [2026-06-20T13:55:49.304Z] >>> [apiv2][query] DELETE https://firestore.googleapis.com/v1/projects/calculo-65308/databases/(default)/documents/competitionLeaderboard/8shge64k6KYd6relLyXhGfyY0xU2 [none]
[debug] [2026-06-20T13:55:49.360Z] <<< [apiv2][status] DELETE https://firestore.googleapis.com/v1/projects/calculo-65308/databases/(default)/documents/competitionLeaderboard/8shge64k6KYd6relLyXhGfyY0xU2 200
[debug] [2026-06-20T13:55:49.361Z] <<< [apiv2][status] DELETE https://firestore.googleapis.com/v1/projects/calculo-65308/databases/(default)/documents/mathProgress/8shge64k6KYd6relLyXhGfyY0xU2 200
[debug] [2026-06-20T13:55:49.361Z] <<< [apiv2][body] DELETE https://firestore.googleapis.com/v1/projects/calculo-65308/databases/(default)/documents/mathProgress/8shge64k6KYd6relLyXhGfyY0xU2 {}
[debug] [2026-06-20T13:55:49.361Z] <<< [apiv2][body] DELETE https://firestore.googleapis.com/v1/projects/calculo-65308/databases/(default)/documents/competitionLeaderboard/8shge64k6KYd6relLyXhGfyY0xU2 {}
[debug] [2026-06-20T13:55:49.372Z] Checked if tokens are valid: true, expires at: 1781965413379
[debug] [2026-06-20T13:55:49.373Z] Checked if tokens are valid: true, expires at: 1781965413379
[debug] [2026-06-20T13:55:49.373Z] Checked if tokens are valid: true, expires at: 1781965413379
[debug] [2026-06-20T13:55:49.373Z] >>> [apiv2][query] POST https://firestore.googleapis.com/v1/projects/calculo-65308/databases/(default)/documents/mathProgress/8shge64k6KYd6relLyXhGfyY0xU2:runQuery [none]
[debug] [2026-06-20T13:55:49.373Z] >>> [apiv2][body] POST https://firestore.googleapis.com/v1/projects/calculo-65308/databases/(default)/documents/mathProgress/8shge64k6KYd6relLyXhGfyY0xU2:runQuery {"structuredQuery":{"limit":7500,"from":[{"allDescendants":false}],"select":{"fields":[{"fieldPath":"__name__"}]},"orderBy":[{"field":{"fieldPath":"__name__"}}]}}
[debug] [2026-06-20T13:55:49.372Z] Checked if tokens are valid: true, expires at: 1781965413379
[debug] [2026-06-20T13:55:49.373Z] >>> [apiv2][query] POST https://firestore.googleapis.com/v1/projects/calculo-65308/databases/(default)/documents/competitionLeaderboard/8shge64k6KYd6relLyXhGfyY0xU2:runQuery [none]
[debug] [2026-06-20T13:55:49.373Z] >>> [apiv2][body] POST https://firestore.googleapis.com/v1/projects/calculo-65308/databases/(default)/documents/competitionLeaderboard/8shge64k6KYd6relLyXhGfyY0xU2:runQuery {"structuredQuery":{"limit":7500,"from":[{"allDescendants":false}],"select":{"fields":[{"fieldPath":"__name__"}]},"orderBy":[{"field":{"fieldPath":"__name__"}}]}}
[debug] [2026-06-20T13:55:49.408Z] <<< [apiv2][status] POST https://firestore.googleapis.com/v1/projects/calculo-65308/databases/(default)/documents/mathProgress/8shge64k6KYd6relLyXhGfyY0xU2:runQuery 200
[debug] [2026-06-20T13:55:49.408Z] <<< [apiv2][body] POST https://firestore.googleapis.com/v1/projects/calculo-65308/databases/(default)/documents/mathProgress/8shge64k6KYd6relLyXhGfyY0xU2:runQuery [{"readTime":"2026-06-20T13:55:49.314132Z"}]
[debug] [2026-06-20T13:55:49.471Z] <<< [apiv2][status] POST https://firestore.googleapis.com/v1/projects/calculo-65308/databases/(default)/documents/competitionLeaderboard/8shge64k6KYd6relLyXhGfyY0xU2:runQuery 200
[debug] [2026-06-20T13:55:49.471Z] <<< [apiv2][body] POST https://firestore.googleapis.com/v1/projects/calculo-65308/databases/(default)/documents/competitionLeaderboard/8shge64k6KYd6relLyXhGfyY0xU2:runQuery [{"readTime":"2026-06-20T13:55:49.376688Z"}]
[debug] [2026-06-20T14:18:24.573Z] ----------------------------------------------------------------------
[debug] [2026-06-20T14:18:24.575Z] Command:       C:\Program Files\nodejs\node.exe C:\Users\User\AppData\Local\npm-cache\_npx\ba4f1959e38407b5\node_modules\firebase-tools\lib\bin\firebase.js deploy --only firestore:rules --project calculo-65308
[debug] [2026-06-20T14:18:24.575Z] CLI Version:   15.22.0
[debug] [2026-06-20T14:18:24.575Z] Platform:      win32
[debug] [2026-06-20T14:18:24.575Z] Node Version:  v26.3.0
[debug] [2026-06-20T14:18:24.575Z] Detected Agent: codex_cli
[debug] [2026-06-20T14:18:24.575Z] Time:          Sat Jun 20 2026 21:18:24 GMT+0700 (เวลาอินโดจีน)
[debug] [2026-06-20T14:18:24.575Z] ----------------------------------------------------------------------
[debug] 
[debug] [2026-06-20T14:18:27.751Z] > command requires scopes: ["email","openid","https://www.googleapis.com/auth/cloudplatformprojects.readonly","https://www.googleapis.com/auth/firebase","https://www.googleapis.com/auth/cloud-platform"]
[debug] [2026-06-20T14:18:27.751Z] > authorizing via signed-in user (aunyawat2008@gmail.com)
[debug] [2026-06-20T14:18:27.752Z] [iam] checking project calculo-65308 for permissions ["datastore.indexes.create","datastore.indexes.delete","datastore.indexes.list","datastore.indexes.update","firebase.projects.get"]
[debug] [2026-06-20T14:18:27.753Z] Checked if tokens are valid: false, expires at: 1781965413379
[debug] [2026-06-20T14:18:27.753Z] Checked if tokens are valid: false, expires at: 1781965413379
[debug] [2026-06-20T14:18:27.754Z] > refreshing access token with scopes: []
[debug] [2026-06-20T14:18:27.755Z] >>> [apiv2][query] POST https://www.googleapis.com/oauth2/v3/token [none]
[debug] [2026-06-20T14:18:27.755Z] >>> [apiv2][body] POST https://www.googleapis.com/oauth2/v3/token [omitted]
[debug] [2026-06-20T14:18:27.870Z] <<< [apiv2][status] POST https://www.googleapis.com/oauth2/v3/token 200
[debug] [2026-06-20T14:18:27.870Z] <<< [apiv2][body] POST https://www.googleapis.com/oauth2/v3/token [omitted]
[debug] [2026-06-20T14:18:27.878Z] >>> [apiv2][query] POST https://cloudresourcemanager.googleapis.com/v1/projects/calculo-65308:testIamPermissions [none]
[debug] [2026-06-20T14:18:27.878Z] >>> [apiv2][(partial)header] POST https://cloudresourcemanager.googleapis.com/v1/projects/calculo-65308:testIamPermissions  x-goog-user-project=calculo-65308
[debug] [2026-06-20T14:18:27.878Z] >>> [apiv2][body] POST https://cloudresourcemanager.googleapis.com/v1/projects/calculo-65308:testIamPermissions {"permissions":["datastore.indexes.create","datastore.indexes.delete","datastore.indexes.list","datastore.indexes.update","firebase.projects.get"]}
[debug] [2026-06-20T14:18:29.061Z] <<< [apiv2][status] POST https://cloudresourcemanager.googleapis.com/v1/projects/calculo-65308:testIamPermissions 200
[debug] [2026-06-20T14:18:29.061Z] <<< [apiv2][body] POST https://cloudresourcemanager.googleapis.com/v1/projects/calculo-65308:testIamPermissions {"permissions":["datastore.indexes.create","datastore.indexes.delete","datastore.indexes.list","datastore.indexes.update","firebase.projects.get"]}
[info] 
[info] === Deploying to 'calculo-65308'...
[info] 
[info] i  deploying firestore 
[info] i  firestore: ensuring required API firestore.googleapis.com is enabled... 
[info] i  firestore: ensuring required API firestore.googleapis.com is enabled... 
[debug] [2026-06-20T14:18:29.067Z] Checked if tokens are valid: true, expires at: 1781968706870
[debug] [2026-06-20T14:18:29.067Z] Checked if tokens are valid: true, expires at: 1781968706870
[debug] [2026-06-20T14:18:29.067Z] >>> [apiv2][query] GET https://firestore.googleapis.com/v1/projects/calculo-65308/databases/(default) [none]
[debug] [2026-06-20T14:18:29.249Z] <<< [apiv2][status] GET https://firestore.googleapis.com/v1/projects/calculo-65308/databases/(default) 200
[debug] [2026-06-20T14:18:29.249Z] <<< [apiv2][body] GET https://firestore.googleapis.com/v1/projects/calculo-65308/databases/(default) {"name":"projects/calculo-65308/databases/(default)","uid":"b606eb4e-3b51-4bf4-b50f-ceb1f3bf001a","createTime":"2026-06-17T13:24:31.465730Z","updateTime":"2026-06-17T13:24:31.465730Z","locationId":"asia-southeast3","type":"FIRESTORE_NATIVE","concurrencyMode":"PESSIMISTIC","versionRetentionPeriod":"3600s","earliestVersionTime":"2026-06-20T13:18:29.143985Z","appEngineIntegrationMode":"DISABLED","pointInTimeRecoveryEnablement":"POINT_IN_TIME_RECOVERY_DISABLED","deleteProtectionState":"DELETE_PROTECTION_DISABLED","databaseEdition":"STANDARD","freeTier":true,"realtimeUpdatesMode":"REALTIME_UPDATES_MODE_ENABLED","etag":"IMbP1KqBlpUDMPennoKwjpUD"}
[info] i  cloud.firestore: checking firestore.rules for compilation errors... 
[debug] [2026-06-20T14:18:29.250Z] Checked if tokens are valid: true, expires at: 1781968706870
[debug] [2026-06-20T14:18:29.250Z] Checked if tokens are valid: true, expires at: 1781968706870
[debug] [2026-06-20T14:18:29.250Z] >>> [apiv2][query] POST https://firebaserules.googleapis.com/v1/projects/calculo-65308:test [none]
[debug] [2026-06-20T14:18:29.250Z] >>> [apiv2][body] POST https://firebaserules.googleapis.com/v1/projects/calculo-65308:test [omitted]
[debug] [2026-06-20T14:18:29.853Z] <<< [apiv2][status] POST https://firebaserules.googleapis.com/v1/projects/calculo-65308:test 200
[debug] [2026-06-20T14:18:29.853Z] <<< [apiv2][body] POST https://firebaserules.googleapis.com/v1/projects/calculo-65308:test {}
[info] +  cloud.firestore: rules file firestore.rules compiled successfully 
[debug] [2026-06-20T14:18:29.854Z] Checked if tokens are valid: true, expires at: 1781968706870
[debug] [2026-06-20T14:18:29.854Z] Checked if tokens are valid: true, expires at: 1781968706870
[debug] [2026-06-20T14:18:29.854Z] >>> [apiv2][query] GET https://firebaserules.googleapis.com/v1/projects/calculo-65308/releases pageSize=10&pageToken=
[debug] [2026-06-20T14:18:31.239Z] <<< [apiv2][status] GET https://firebaserules.googleapis.com/v1/projects/calculo-65308/releases 200
[debug] [2026-06-20T14:18:31.239Z] <<< [apiv2][body] GET https://firebaserules.googleapis.com/v1/projects/calculo-65308/releases {"releases":[{"name":"projects/calculo-65308/releases/cloud.firestore","rulesetName":"projects/calculo-65308/rulesets/ce0e296c-ee2b-4822-b7b1-6c03fea57ad6","createTime":"2026-06-17T13:24:35.536569Z","updateTime":"2026-06-20T13:24:58.375028Z"}]}
[debug] [2026-06-20T14:18:31.239Z] Checked if tokens are valid: true, expires at: 1781968706870
[debug] [2026-06-20T14:18:31.239Z] Checked if tokens are valid: true, expires at: 1781968706870
[debug] [2026-06-20T14:18:31.239Z] >>> [apiv2][query] GET https://firebaserules.googleapis.com/v1/projects/calculo-65308/rulesets/ce0e296c-ee2b-4822-b7b1-6c03fea57ad6 [none]
[debug] [2026-06-20T14:18:32.629Z] <<< [apiv2][status] GET https://firebaserules.googleapis.com/v1/projects/calculo-65308/rulesets/ce0e296c-ee2b-4822-b7b1-6c03fea57ad6 200
[debug] [2026-06-20T14:18:32.629Z] <<< [apiv2][body] GET https://firebaserules.googleapis.com/v1/projects/calculo-65308/rulesets/ce0e296c-ee2b-4822-b7b1-6c03fea57ad6 [omitted]
[info] i  firestore: uploading rules firestore.rules... 
[debug] [2026-06-20T14:18:32.629Z] Checked if tokens are valid: true, expires at: 1781968706870
[debug] [2026-06-20T14:18:32.630Z] Checked if tokens are valid: true, expires at: 1781968706870
[debug] [2026-06-20T14:18:32.630Z] >>> [apiv2][query] POST https://firebaserules.googleapis.com/v1/projects/calculo-65308/rulesets [none]
[debug] [2026-06-20T14:18:32.630Z] >>> [apiv2][body] POST https://firebaserules.googleapis.com/v1/projects/calculo-65308/rulesets [omitted]
[debug] [2026-06-20T14:18:33.245Z] <<< [apiv2][status] POST https://firebaserules.googleapis.com/v1/projects/calculo-65308/rulesets 200
[debug] [2026-06-20T14:18:33.245Z] <<< [apiv2][body] POST https://firebaserules.googleapis.com/v1/projects/calculo-65308/rulesets {"name":"projects/calculo-65308/rulesets/c315827b-e780-462b-a6b6-b4609d6fd9d0","source":{"files":[{"content":"rules_version = '2';\r\n\r\nservice cloud.firestore {\r\n  match /databases/{database}/documents {\r\n    function signedIn() {\r\n      return request.auth != null;\r\n    }\r\n\r\n    function roomParticipant() {\n      return signedIn()\n        && ((\"hostAuthId\" in resource.data\n            && resource.data.hostAuthId == request.auth.uid)\n          || (\"guestAuthId\" in resource.data\n            && resource.data.guestAuthId == request.auth.uid)\n          || resource.data.hostId == request.auth.uid\n          || resource.data.guestId == request.auth.uid);\n    }\n\n    function validWaitingRoomJoin() {\n      return signedIn()\n        && resource.data.status == \"waiting\"\n        && request.resource.data.hostId == resource.data.hostId\n        && (!(\"hostAuthId\" in resource.data)\n          || request.resource.data.hostAuthId == resource.data.hostAuthId)\n        && request.resource.data.guestAuthId == request.auth.uid\n        && request.resource.data.status == \"playing\";\n    }\n\r\n    match /mathProgress/{userId} {\r\n      allow read, write: if signedIn() && request.auth.uid == userId;\r\n    }\r\n\r\n    match /learningStates/{userId} {\r\n      allow read: if signedIn() && request.auth.uid == userId;\r\n\r\n      allow create, update: if signedIn()\r\n        && userId == request.auth.uid\r\n        && request.resource.data.userId == request.auth.uid;\r\n    }\r\n\r\n    match /userProfiles/{userId} {\r\n      allow read: if signedIn();\r\n\r\n      allow create, update: if signedIn()\r\n        && userId == request.auth.uid\r\n        && request.resource.data.userId == request.auth.uid;\r\n    }\r\n\r\n    match /competitionRooms/{roomId} {\r\n      allow read: if signedIn();\n\n      allow create: if signedIn()\n        && request.resource.data.hostAuthId == request.auth.uid\n        && request.resource.data.status == \"waiting\";\n\r\n      allow update: if signedIn()\r\n        && (roomParticipant() || validWaitingRoomJoin());\r\n\r\n      allow delete: if signedIn()\n        && ((\"hostAuthId\" in resource.data\n            && resource.data.hostAuthId == request.auth.uid)\n          || resource.data.hostId == request.auth.uid);\n    }\r\n\r\n    match /competitionLeaderboard/{userId} {\r\n      allow read: if signedIn();\r\n\r\n      allow create, update: if signedIn()\r\n        && userId == request.auth.uid\r\n        && request.resource.data.playerId == request.auth.uid;\r\n    }\r\n  }\r\n}\r\n","name":"firestore.rules"}]},"createTime":"2026-06-20T14:18:33.016079Z","metadata":{"services":["cloud.firestore"]}}
[debug] [2026-06-20T14:18:33.245Z] [rules] created ruleset projects/calculo-65308/rulesets/c315827b-e780-462b-a6b6-b4609d6fd9d0
[debug] [2026-06-20T14:18:33.246Z] [rules] releasing cloud.firestore with ruleset projects/calculo-65308/rulesets/c315827b-e780-462b-a6b6-b4609d6fd9d0
[debug] [2026-06-20T14:18:33.246Z] Checked if tokens are valid: true, expires at: 1781968706870
[debug] [2026-06-20T14:18:33.246Z] Checked if tokens are valid: true, expires at: 1781968706870
[debug] [2026-06-20T14:18:33.246Z] >>> [apiv2][query] PATCH https://firebaserules.googleapis.com/v1/projects/calculo-65308/releases/cloud.firestore [none]
[debug] [2026-06-20T14:18:33.246Z] >>> [apiv2][body] PATCH https://firebaserules.googleapis.com/v1/projects/calculo-65308/releases/cloud.firestore {"release":{"name":"projects/calculo-65308/releases/cloud.firestore","rulesetName":"projects/calculo-65308/rulesets/c315827b-e780-462b-a6b6-b4609d6fd9d0"}}
[debug] [2026-06-20T14:18:33.634Z] <<< [apiv2][status] PATCH https://firebaserules.googleapis.com/v1/projects/calculo-65308/releases/cloud.firestore 200
[debug] [2026-06-20T14:18:33.634Z] <<< [apiv2][body] PATCH https://firebaserules.googleapis.com/v1/projects/calculo-65308/releases/cloud.firestore {"name":"projects/calculo-65308/releases/cloud.firestore","rulesetName":"projects/calculo-65308/rulesets/c315827b-e780-462b-a6b6-b4609d6fd9d0","createTime":"2026-06-17T13:24:35.536569Z","updateTime":"2026-06-20T14:18:33.405802Z"}
[debug] [2026-06-20T14:18:33.634Z] [rules] updated release projects/calculo-65308/releases/cloud.firestore
[info] +  firestore: released rules firestore.rules to cloud.firestore 
[info] 
[info] +  Deploy complete! 
[info] 
[info] Project Console: https://console.firebase.google.com/project/calculo-65308/overview
